2018-04-03 09:18:20,064[DEBUG]getTitleByRemarks: 购物车ID main (rebue.mbgx.util.RemarksUtil:21)
2018-04-03 09:18:20,079[DEBUG]getTitleByRemarks: 上线规格ID main (rebue.mbgx.util.RemarksUtil:21)
2018-04-03 09:18:20,080[DEBUG]getTitleByRemarks: 上线ID main (rebue.mbgx.util.RemarksUtil:21)
2018-04-03 09:18:20,081[DEBUG]getTitleByRemarks: 用户编号 main (rebue.mbgx.util.RemarksUtil:21)
2018-04-03 09:18:20,082[DEBUG]getTitleByRemarks: 购物车规格数量 main (rebue.mbgx.util.RemarksUtil:21)
2018-04-03 09:18:20,082[DEBUG]getTitleByRemarks: 加入时间 main (rebue.mbgx.util.RemarksUtil:21)
2018-04-03 09:18:20,222[DEBUG]getTitleByRemarks: 购物车 main (rebue.mbgx.util.RemarksUtil:21)
2018-04-03 09:18:21,388[DEBUG]copyMembers: deleteByUserIdAndCartId,[OnlCartMo record] main (rebue.mbgx.util.MergeJavaFileUtil:107)
2018-04-03 09:18:21,408[DEBUG]copyMembers: addEx,[OnlCartMo mo] main (rebue.mbgx.util.MergeJavaFileUtil:107)
2018-04-03 09:18:21,410[DEBUG]copyMembers: selectCartCount,[OnlCartMo mo] main (rebue.mbgx.util.MergeJavaFileUtil:107)
2018-04-03 09:18:21,412[DEBUG]copyMembers: selectCartList,[OnlCartMo mo] main (rebue.mbgx.util.MergeJavaFileUtil:107)
2018-04-03 09:18:21,717[DEBUG]getTitleByRemarks: 购物车 main (rebue.mbgx.util.RemarksUtil:21)
2018-04-03 09:18:21,973[DEBUG]copyMembers: _log,LoggerFactory.getLogger(OnlCartSvcImpl.class) main (rebue.mbgx.util.MergeJavaFileUtil:95)
2018-04-03 09:18:21,975[DEBUG]copyMembers: deleteByUserIdAndCartId,[OnlCartMo record] main (rebue.mbgx.util.MergeJavaFileUtil:107)
2018-04-03 09:18:21,978[DEBUG]copyMembers: addEx,[OnlCartMo mo] main (rebue.mbgx.util.MergeJavaFileUtil:107)
2018-04-03 09:18:22,010[DEBUG]copyMembers: selectCartCount,[OnlCartMo mo] main (rebue.mbgx.util.MergeJavaFileUtil:107)
2018-04-03 09:18:22,012[DEBUG]copyMembers: selectCartList,[OnlCartMo mo] main (rebue.mbgx.util.MergeJavaFileUtil:107)
2018-04-03 09:18:22,295[DEBUG]getTitleByRemarks: 购物车 main (rebue.mbgx.util.RemarksUtil:21)
2018-04-03 09:18:22,352[DEBUG]copyMembers: add,[OnlCartMo vo] main (rebue.mbgx.util.MergeJavaFileUtil:107)
2018-04-03 09:18:22,363[DEBUG]copyMembers: del,[OnlCartMo vo] main (rebue.mbgx.util.MergeJavaFileUtil:107)
2018-04-03 09:18:22,373[DEBUG]copyMembers: Cartcount,[OnlCartMo qo] main (rebue.mbgx.util.MergeJavaFileUtil:107)
2018-04-03 09:18:22,379[DEBUG]copyMembers: selectCartList,[OnlCartMo qo] main (rebue.mbgx.util.MergeJavaFileUtil:107)
2018-04-03 09:18:22,674[DEBUG]getTitleByRemarks: 购物车 main (rebue.mbgx.util.RemarksUtil:21)
2018-04-03 09:18:22,676[ INFO]
-----------------------------------------------
ONL_CART:购物车
-----------------------------------------------
 main (rebue.mbgx.plugin.MapperAnnotationPlugin:32)
2018-04-03 09:18:22,703[DEBUG]getTitleByRemarks: 上线ID main (rebue.mbgx.util.RemarksUtil:21)
2018-04-03 09:18:22,704[DEBUG]getTitleByRemarks: 上线标题 main (rebue.mbgx.util.RemarksUtil:21)
2018-04-03 09:18:22,707[DEBUG]getTitleByRemarks: 上线描述 main (rebue.mbgx.util.RemarksUtil:21)
2018-04-03 09:18:22,721[DEBUG]getTitleByRemarks: 上线状态（0：下线，1：上线  ） main (rebue.mbgx.util.RemarksUtil:21)
2018-04-03 09:18:22,721[DEBUG]getTitleByRemarks: 操作人ID main (rebue.mbgx.util.RemarksUtil:21)
2018-04-03 09:18:22,723[DEBUG]getTitleByRemarks: 上线时间 main (rebue.mbgx.util.RemarksUtil:21)
2018-04-03 09:18:22,724[DEBUG]getTitleByRemarks: 产品ID,上一次上线的产品ID main (rebue.mbgx.util.RemarksUtil:21)
2018-04-03 09:18:22,724[DEBUG]getTitleByRemarks: 上线信息 main (rebue.mbgx.util.RemarksUtil:21)
2018-04-03 09:18:22,732[DEBUG]copyMembers: addEx,[String onlineInfo] main (rebue.mbgx.util.MergeJavaFileUtil:107)
2018-04-03 09:18:22,737[DEBUG]copyMembers: selectOnlineGoodsList,[Map<String,Object> map] main (rebue.mbgx.util.MergeJavaFileUtil:107)
2018-04-03 09:18:22,755[DEBUG]getTitleByRemarks: 上线信息 main (rebue.mbgx.util.RemarksUtil:21)
2018-04-03 09:18:22,866[DEBUG]copyMembers: _log,LoggerFactory.getLogger(OnlOnlineSvcImpl.class) main (rebue.mbgx.util.MergeJavaFileUtil:95)
2018-04-03 09:18:22,970[DEBUG]copyMembers: onlOnlineSpecSvc,null main (rebue.mbgx.util.MergeJavaFileUtil:95)
2018-04-03 09:18:22,972[DEBUG]copyMembers: onlOnlineLogSvc,null main (rebue.mbgx.util.MergeJavaFileUtil:95)
2018-04-03 09:18:22,974[DEBUG]copyMembers: onlOnlineSpecLogSvc,null main (rebue.mbgx.util.MergeJavaFileUtil:95)
2018-04-03 09:18:22,975[DEBUG]copyMembers: onlOnlinePicSvc,null main (rebue.mbgx.util.MergeJavaFileUtil:95)
2018-04-03 09:18:22,977[DEBUG]copyMembers: addEx,[String onlineInfo] main (rebue.mbgx.util.MergeJavaFileUtil:107)
2018-04-03 09:18:23,008[DEBUG]copyMembers: selectOnlineGoodsList,[Map<String,Object> map] main (rebue.mbgx.util.MergeJavaFileUtil:107)
2018-04-03 09:18:23,303[DEBUG]getTitleByRemarks: 上线信息 main (rebue.mbgx.util.RemarksUtil:21)
2018-04-03 09:18:23,352[DEBUG]copyMembers: _log,LoggerFactory.getLogger(OnlOnlineCtrl.class) main (rebue.mbgx.util.MergeJavaFileUtil:95)
2018-04-03 09:18:23,356[DEBUG]copyMembers: svc,null main (rebue.mbgx.util.MergeJavaFileUtil:95)
2018-04-03 09:18:23,363[DEBUG]copyMembers: add,[String onlineInfo] main (rebue.mbgx.util.MergeJavaFileUtil:107)
2018-04-03 09:18:23,366[DEBUG]copyMembers: list,[OnlOnlineMo qo, @RequestParam("pageNum") int pageNum, @RequestParam("pageSize") int pageSize] main (rebue.mbgx.util.MergeJavaFileUtil:107)
2018-04-03 09:18:23,370[DEBUG]copyMembers: modify,[OnlOnlineMo vo] main (rebue.mbgx.util.MergeJavaFileUtil:107)
2018-04-03 09:18:23,380[DEBUG]copyMembers: selectOnlineGoodsList,[@RequestParam Map<String,Object> map] main (rebue.mbgx.util.MergeJavaFileUtil:107)
2018-04-03 09:18:23,846[DEBUG]getTitleByRemarks: 上线信息 main (rebue.mbgx.util.RemarksUtil:21)
2018-04-03 09:18:23,847[ INFO]
-----------------------------------------------
ONL_ONLINE:上线信息
-----------------------------------------------
 main (rebue.mbgx.plugin.MapperAnnotationPlugin:32)
2018-04-03 09:18:23,850[DEBUG]getTitleByRemarks: 上线图片ID main (rebue.mbgx.util.RemarksUtil:21)
2018-04-03 09:18:23,851[DEBUG]getTitleByRemarks: 上线ID main (rebue.mbgx.util.RemarksUtil:21)
2018-04-03 09:18:23,852[DEBUG]getTitleByRemarks: 图片类型 main (rebue.mbgx.util.RemarksUtil:21)
2018-04-03 09:18:23,852[DEBUG]getTitleByRemarks: 图片路径 main (rebue.mbgx.util.RemarksUtil:21)
2018-04-03 09:18:23,859[DEBUG]getTitleByRemarks: 上线图片 main (rebue.mbgx.util.RemarksUtil:21)
2018-04-03 09:18:23,863[DEBUG]copyMembers: list,[OnlOnlinePicMo mo] main (rebue.mbgx.util.MergeJavaFileUtil:107)
2018-04-03 09:18:23,870[DEBUG]getTitleByRemarks: 上线图片 main (rebue.mbgx.util.RemarksUtil:21)
2018-04-03 09:18:23,881[DEBUG]copyMembers: list,[OnlOnlinePicMo mo] main (rebue.mbgx.util.MergeJavaFileUtil:107)
2018-04-03 09:18:23,894[DEBUG]getTitleByRemarks: 上线图片 main (rebue.mbgx.util.RemarksUtil:21)
2018-04-03 09:18:23,955[DEBUG]copyMembers: list,[OnlOnlinePicMo qo] main (rebue.mbgx.util.MergeJavaFileUtil:107)
2018-04-03 09:18:23,974[DEBUG]getTitleByRemarks: 上线图片 main (rebue.mbgx.util.RemarksUtil:21)
2018-04-03 09:18:23,975[ INFO]
-----------------------------------------------
ONL_ONLINE_PIC:上线图片
-----------------------------------------------
 main (rebue.mbgx.plugin.MapperAnnotationPlugin:32)
2018-04-03 09:18:23,977[DEBUG]getTitleByRemarks: 上线推广ID main (rebue.mbgx.util.RemarksUtil:21)
2018-04-03 09:18:23,979[DEBUG]getTitleByRemarks: 上线ID main (rebue.mbgx.util.RemarksUtil:21)
2018-04-03 09:18:23,980[DEBUG]getTitleByRemarks: 推广类型 main (rebue.mbgx.util.RemarksUtil:21)
2018-04-03 09:18:23,980[DEBUG]getTitleByRemarks: 上线推广 main (rebue.mbgx.util.RemarksUtil:21)
2018-04-03 09:18:23,991[DEBUG]copyMembers: promotionOnlineGoodsList,[] main (rebue.mbgx.util.MergeJavaFileUtil:107)
2018-04-03 09:18:24,003[DEBUG]getTitleByRemarks: 上线推广 main (rebue.mbgx.util.RemarksUtil:21)
2018-04-03 09:18:24,228[DEBUG]copyMembers: promotionOnlineGoodsList,[] main (rebue.mbgx.util.MergeJavaFileUtil:107)
2018-04-03 09:18:24,483[DEBUG]getTitleByRemarks: 上线推广 main (rebue.mbgx.util.RemarksUtil:21)
2018-04-03 09:18:24,513[DEBUG]copyMembers: add,[OnlOnlinePromotionMo vo] main (rebue.mbgx.util.MergeJavaFileUtil:107)
2018-04-03 09:18:24,521[DEBUG]copyMembers: del,[@PathVariable("onlineId") java.lang.Long onlineId] main (rebue.mbgx.util.MergeJavaFileUtil:107)
2018-04-03 09:18:24,530[DEBUG]copyMembers: existSelective,[OnlOnlinePromotionMo vo] main (rebue.mbgx.util.MergeJavaFileUtil:107)
2018-04-03 09:18:24,533[DEBUG]copyMembers: list,[] main (rebue.mbgx.util.MergeJavaFileUtil:107)
2018-04-03 09:18:24,552[DEBUG]getTitleByRemarks: 上线推广 main (rebue.mbgx.util.RemarksUtil:21)
2018-04-03 09:18:24,553[ INFO]
-----------------------------------------------
ONL_ONLINE_PROMOTION:上线推广
-----------------------------------------------
 main (rebue.mbgx.plugin.MapperAnnotationPlugin:32)
2018-04-03 09:18:24,628[DEBUG]getTitleByRemarks: 上线规格ID main (rebue.mbgx.util.RemarksUtil:21)
2018-04-03 09:18:24,629[DEBUG]getTitleByRemarks: 上线ID main (rebue.mbgx.util.RemarksUtil:21)
2018-04-03 09:18:24,630[DEBUG]getTitleByRemarks: 上线规格 main (rebue.mbgx.util.RemarksUtil:21)
2018-04-03 09:18:24,631[DEBUG]getTitleByRemarks: 返现金额 main (rebue.mbgx.util.RemarksUtil:21)
2018-04-03 09:18:24,632[DEBUG]getTitleByRemarks: 销售价格 main (rebue.mbgx.util.RemarksUtil:21)
2018-04-03 09:18:24,633[DEBUG]getTitleByRemarks: 销售单位 main (rebue.mbgx.util.RemarksUtil:21)
2018-04-03 09:18:24,633[DEBUG]getTitleByRemarks: 销售数量 main (rebue.mbgx.util.RemarksUtil:21)
2018-04-03 09:18:24,634[DEBUG]getTitleByRemarks: 排序号 main (rebue.mbgx.util.RemarksUtil:21)
2018-04-03 09:18:24,634[DEBUG]getTitleByRemarks: 上线规格 main (rebue.mbgx.util.RemarksUtil:21)
2018-04-03 09:18:24,647[DEBUG]copyMembers: selectByPrimaryKey,[Long id] main (rebue.mbgx.util.MergeJavaFileUtil:107)
2018-04-03 09:18:24,649[DEBUG]copyMembers: selectOnlineSpecInfo,[OnlOnlineSpecMo record] main (rebue.mbgx.util.MergeJavaFileUtil:107)
2018-04-03 09:18:24,660[DEBUG]getTitleByRemarks: 上线规格 main (rebue.mbgx.util.RemarksUtil:21)
2018-04-03 09:18:24,668[DEBUG]copyMembers: selectByPrimaryKey,[Long id] main (rebue.mbgx.util.MergeJavaFileUtil:107)
2018-04-03 09:18:24,677[DEBUG]copyMembers: selectOnlineSpecInfo,[OnlOnlineSpecMo record] main (rebue.mbgx.util.MergeJavaFileUtil:107)
2018-04-03 09:18:24,697[DEBUG]getTitleByRemarks: 上线规格 main (rebue.mbgx.util.RemarksUtil:21)
2018-04-03 09:18:24,870[DEBUG]copyMembers: selectOnlineSpecInfo,[OnlOnlineSpecMo mo] main (rebue.mbgx.util.MergeJavaFileUtil:107)
2018-04-03 09:18:24,898[DEBUG]getTitleByRemarks: 上线规格 main (rebue.mbgx.util.RemarksUtil:21)
2018-04-03 09:18:24,899[ INFO]
-----------------------------------------------
ONL_ONLINE_SPEC:上线规格
-----------------------------------------------
 main (rebue.mbgx.plugin.MapperAnnotationPlugin:32)
2018-04-03 09:18:25,264[DEBUG]copyMembers: deleteByUserIdAndCartId,[OnlCartMo record] main (rebue.mbgx.util.MergeJavaFileUtil:107)
2018-04-03 09:18:25,266[DEBUG]copyMembers: updateByCondition,[OnlCartMo record] main (rebue.mbgx.util.MergeJavaFileUtil:107)
2018-04-03 09:18:25,267[DEBUG]copyMembers: selectCartCountByUserId,[OnlCartMo record] main (rebue.mbgx.util.MergeJavaFileUtil:107)
2018-04-03 09:18:25,269[DEBUG]copyMembers: selectCartList,[OnlCartMo record] main (rebue.mbgx.util.MergeJavaFileUtil:107)
2018-04-03 09:18:25,312[DEBUG]copyMembers: onlineId,null main (rebue.mbgx.util.MergeJavaFileUtil:95)
2018-04-03 09:18:25,314[DEBUG]copyMembers: getOnlineId,[] main (rebue.mbgx.util.MergeJavaFileUtil:107)
2018-04-03 09:18:25,315[DEBUG]copyMembers: setOnlineId,[String onlineId] main (rebue.mbgx.util.MergeJavaFileUtil:107)
2018-04-03 09:18:25,318[DEBUG]copyMembers: toString,[] main (rebue.mbgx.util.MergeJavaFileUtil:107)
2018-04-03 09:18:25,491[DEBUG]copyMembers: selectOnlineGoodsList,[Map<String,Object> map] main (rebue.mbgx.util.MergeJavaFileUtil:107)
2018-04-03 09:18:25,598[DEBUG]copyMembers: promotionOnlineGoodsList,[] main (rebue.mbgx.util.MergeJavaFileUtil:107)
2018-04-03 09:18:25,657[DEBUG]copyMembers: selectOnlineSpecInfo,[OnlOnlineSpecMo record] main (rebue.mbgx.util.MergeJavaFileUtil:107)
